<?xml version="1.0" encoding="UTF-8"?>
<testng-results skipped="0" failed="0" total="1" passed="1">
  <reporter-output>
  </reporter-output>
  <suite name="TAF" duration-ms="143364" started-at="2017-09-04T09:13:27Z" finished-at="2017-09-04T09:15:51Z">
    <groups>
    </groups>
    <test name="MainTest" duration-ms="143364" started-at="2017-09-04T09:13:27Z" finished-at="2017-09-04T09:15:51Z">
      <class name="com.tnf.testcases.MainTest">
        <test-method status="PASS" signature="applicationTest()[pri:0, instance:com.tnf.testcases.MainTest@7d8995e]" name="applicationTest" duration-ms="143345" started-at="2017-09-04T14:43:27Z" finished-at="2017-09-04T14:45:51Z">
          <reporter-output>
          </reporter-output>
        </test-method> <!-- applicationTest -->
      </class> <!-- com.tnf.testcases.MainTest -->
    </test> <!-- MainTest -->
  </suite> <!-- TAF -->
</testng-results>
